<?xml version="1.0" encoding="UTF-8"?>
<!-- Generated by org.testng.reporters.JUnitReportReporter -->
<testsuite hostname="QSP-006" name="com.zoomcar.mavensampleproject.testscripts.DemoTest" tests="1" failures="0" timestamp="8 May 2018 06:41:53 GMT" time="0.017" errors="0">
  <testcase name="create" time="0.017" classname="com.zoomcar.mavensampleproject.testscripts.DemoTest"/>
</testsuite> <!-- com.zoomcar.mavensampleproject.testscripts.DemoTest -->
